android/app/build/intermediates/manifest_merge_blame_file/debug/manifest-merger-blame-debug-report.txt
1<?xml version="1.0" encoding="utf-8"?>
2<manifest xmlns:android="http://schemas.android.com/apk/res/android"
3    package="com.fnotification"
4    android:versionCode="1"
5    android:versionName="1.0" >
6
7    <uses-sdk
8        android:minSdkVersion="21"
9        android:targetSdkVersion="29" />
10
11    <uses-permission android:name="android.permission.SYSTEM_ALERT_WINDOW" />
11-->src/debug/AndroidManifest.xml:5:5-77
11-->src/debug/AndroidManifest.xml:5:22-75
12    <uses-permission android:name="android.permission.INTERNET" />
12-->src/main/AndroidManifest.xml:4:5-67
12-->src/main/AndroidManifest.xml:4:22-64
13    <uses-permission android:name="android.permission.RECEIVE_BOOT_COMPLETED" />
13-->src/main/AndroidManifest.xml:5:5-81
13-->src/main/AndroidManifest.xml:5:22-78
14    <uses-permission android:name="android.permission.VIBRATE" />
14-->src/main/AndroidManifest.xml:6:5-66
14-->src/main/AndroidManifest.xml:6:22-63
15    <uses-permission android:name="android.permission.ACCESS_NETWORK_STATE" />
15-->src/main/AndroidManifest.xml:7:5-79
15-->src/main/AndroidManifest.xml:7:22-76
16    <uses-permission android:name="android.permission.ACCESS_WIFI_STATE" />
16-->[com.facebook.flipper:flipper:0.75.1] AndroidManifest.xml:16:5-76
16-->[com.facebook.flipper:flipper:0.75.1] AndroidManifest.xml:16:22-73
17    <uses-permission android:name="android.permission.WAKE_LOCK" /> <!-- Required by older versions of Google Play services to create IID tokens -->
17-->[:react-native-firebase_messaging] AndroidManifest.xml:12:5-68
17-->[:react-native-firebase_messaging] AndroidManifest.xml:12:22-65
18    <uses-permission android:name="com.google.android.c2dm.permission.RECEIVE" />
18-->[com.google.firebase:firebase-messaging:22.0.0] AndroidManifest.xml:25:5-82
18-->[com.google.firebase:firebase-messaging:22.0.0] AndroidManifest.xml:25:22-79
19    <uses-permission android:name="com.google.android.finsky.permission.BIND_GET_INSTALL_REFERRER_SERVICE" />
19-->[com.google.android.gms:play-services-measurement:19.0.0] AndroidManifest.xml:26:5-110
19-->[com.google.android.gms:play-services-measurement:19.0.0] AndroidManifest.xml:26:22-107
20
21    <application
21-->src/main/AndroidManifest.xml:8:5-61:19
22        android:name="com.fnotification.MainApplication"
22-->src/main/AndroidManifest.xml:9:7-38
23        android:allowBackup="false"
23-->src/main/AndroidManifest.xml:13:7-34
24        android:appComponentFactory="androidx.core.app.CoreComponentFactory"
24-->[androidx.core:core:1.1.0] AndroidManifest.xml:24:18-86
25        android:debuggable="true"
26        android:icon="@mipmap/ic_launcher"
26-->src/main/AndroidManifest.xml:11:7-41
27        android:label="@string/app_name"
27-->src/main/AndroidManifest.xml:10:7-39
28        android:roundIcon="@mipmap/ic_launcher_round"
28-->src/main/AndroidManifest.xml:12:7-52
29        android:testOnly="true"
30        android:theme="@style/AppTheme"
30-->src/main/AndroidManifest.xml:15:7-38
31        android:usesCleartextTraffic="true" >
31-->src/main/AndroidManifest.xml:14:7-42
32        <activity android:name="com.facebook.react.devsupport.DevSettingsActivity" />
32-->src/main/AndroidManifest.xml:60:7-84
32-->src/main/AndroidManifest.xml:60:17-81
33
34        <receiver android:name="io.invertase.firebase.notifications.RNFirebaseNotificationReceiver" />
34-->src/main/AndroidManifest.xml:17:1-94
34-->src/main/AndroidManifest.xml:17:11-92
35        <receiver
35-->src/main/AndroidManifest.xml:18:13-27:24
36            android:name="io.invertase.firebase.notifications.RNFirebaseNotificationsRebootReceiver"
36-->src/main/AndroidManifest.xml:21:15-103
37            android:enabled="true"
37-->src/main/AndroidManifest.xml:19:15-37
38            android:exported="true" >
38-->src/main/AndroidManifest.xml:20:15-38
39            <intent-filter>
39-->src/main/AndroidManifest.xml:22:15-26:31
40                <action android:name="android.intent.action.BOOT_COMPLETED" />
40-->src/main/AndroidManifest.xml:23:17-78
40-->src/main/AndroidManifest.xml:23:25-76
41                <action android:name="com.htc.intent.action.QUICKBOOT_POWERON" />
41-->src/main/AndroidManifest.xml:24:17-81
41-->src/main/AndroidManifest.xml:24:25-79
42
43                <category android:name="android.intent.category.DEFAULT" />
43-->src/main/AndroidManifest.xml:25:17-76
43-->src/main/AndroidManifest.xml:25:27-73
44            </intent-filter>
45        </receiver>
46        <receiver
46-->src/main/AndroidManifest.xml:28:13-33:22
47            android:name="io.invertase.firebase.notifications.RNFirebaseBackgroundNotificationActionReceiver"
47-->src/main/AndroidManifest.xml:28:23-120
48            android:exported="true" >
48-->src/main/AndroidManifest.xml:28:121-144
49            <intent-filter>
49-->src/main/AndroidManifest.xml:30:13-32:29
50                <action android:name="io.invertase.firebase.notifications.BackgroundAction" />
50-->src/main/AndroidManifest.xml:31:15-92
50-->src/main/AndroidManifest.xml:31:23-90
51            </intent-filter>
52        </receiver>
53        <receiver
53-->src/main/AndroidManifest.xml:34:13-36:31
54            android:name="com.dieam.reactnativepushnotification.notification_foreground"
54-->src/main/AndroidManifest.xml:35:9-85
55            android:value="true" />
55-->src/main/AndroidManifest.xml:36:9-29
56
57        <service android:name="io.invertase.firebase.notifications.RNFirebaseBackgroundNotificationActionsService" /> <!-- Add this line for Message service -->
57-->src/main/AndroidManifest.xml:37:11-119
57-->src/main/AndroidManifest.xml:37:20-117
58        <service android:name="io.invertase.firebase.messaging.RNFirebaseMessagingService" >
58-->src/main/AndroidManifest.xml:40:11-44:21
58-->src/main/AndroidManifest.xml:40:20-93
59            <intent-filter>
59-->src/main/AndroidManifest.xml:41:13-43:29
60                <action android:name="com.google.firebase.MESSAGING_EVENT" />
60-->src/main/AndroidManifest.xml:42:15-76
60-->src/main/AndroidManifest.xml:42:23-73
61            </intent-filter>
62        </service> <!-- Add this line to enable backgound messaging services -->
63        <service android:name="io.invertase.firebase.messaging.RNFirebaseBackgroundMessagingService" />
63-->src/main/AndroidManifest.xml:47:9-103
63-->src/main/AndroidManifest.xml:47:18-101
64
65        <activity
65-->src/main/AndroidManifest.xml:49:7-59:18
66            android:name="com.fnotification.MainActivity"
66-->src/main/AndroidManifest.xml:50:9-37
67            android:configChanges="keyboard|keyboardHidden|orientation|screenSize|uiMode"
67-->src/main/AndroidManifest.xml:52:9-86
68            android:label="@string/app_name"
68-->src/main/AndroidManifest.xml:51:9-41
69            android:launchMode="singleTask"
69-->src/main/AndroidManifest.xml:53:9-40
70            android:windowSoftInputMode="adjustResize" >
70-->src/main/AndroidManifest.xml:54:9-51
71            <intent-filter>
71-->src/main/AndroidManifest.xml:55:9-58:25
72                <action android:name="android.intent.action.MAIN" />
72-->src/main/AndroidManifest.xml:56:13-65
72-->src/main/AndroidManifest.xml:56:21-62
73
74                <category android:name="android.intent.category.LAUNCHER" />
74-->src/main/AndroidManifest.xml:57:13-73
74-->src/main/AndroidManifest.xml:57:23-70
75            </intent-filter>
76        </activity>
77
78        <service android:name="io.invertase.firebase.messaging.ReactNativeFirebaseMessagingHeadlessService" />
78-->[:react-native-firebase_messaging] AndroidManifest.xml:16:9-111
78-->[:react-native-firebase_messaging] AndroidManifest.xml:16:18-108
79        <service
79-->[:react-native-firebase_messaging] AndroidManifest.xml:17:9-23:19
80            android:name="io.invertase.firebase.messaging.ReactNativeFirebaseMessagingService"
80-->[:react-native-firebase_messaging] AndroidManifest.xml:18:13-95
81            android:exported="false" >
81-->[:react-native-firebase_messaging] AndroidManifest.xml:19:13-37
82            <intent-filter>
82-->src/main/AndroidManifest.xml:41:13-43:29
83                <action android:name="com.google.firebase.MESSAGING_EVENT" />
83-->src/main/AndroidManifest.xml:42:15-76
83-->src/main/AndroidManifest.xml:42:23-73
84            </intent-filter>
85        </service>
86
87        <receiver
87-->[:react-native-firebase_messaging] AndroidManifest.xml:25:9-32:20
88            android:name="io.invertase.firebase.messaging.ReactNativeFirebaseMessagingReceiver"
88-->[:react-native-firebase_messaging] AndroidManifest.xml:26:13-96
89            android:exported="true"
89-->[:react-native-firebase_messaging] AndroidManifest.xml:27:13-36
90            android:permission="com.google.android.c2dm.permission.SEND" >
90-->[:react-native-firebase_messaging] AndroidManifest.xml:28:13-73
91            <intent-filter>
91-->[:react-native-firebase_messaging] AndroidManifest.xml:29:13-31:29
92                <action android:name="com.google.android.c2dm.intent.RECEIVE" />
92-->[:react-native-firebase_messaging] AndroidManifest.xml:30:17-81
92-->[:react-native-firebase_messaging] AndroidManifest.xml:30:25-78
93            </intent-filter>
94        </receiver>
95
96        <meta-data
96-->[:react-native-firebase_messaging] AndroidManifest.xml:34:9-36:36
97            android:name="firebase_messaging_auto_init_enabled"
97-->[:react-native-firebase_messaging] AndroidManifest.xml:35:13-64
98            android:value="true" />
98-->[:react-native-firebase_messaging] AndroidManifest.xml:36:13-33
99        <meta-data
99-->[:react-native-firebase_messaging] AndroidManifest.xml:37:9-39:32
100            android:name="com.google.firebase.messaging.default_notification_channel_id"
100-->[:react-native-firebase_messaging] AndroidManifest.xml:38:13-89
101            android:value="" />
101-->[:react-native-firebase_messaging] AndroidManifest.xml:39:13-29
102        <meta-data
102-->[:react-native-firebase_messaging] AndroidManifest.xml:40:9-42:47
103            android:name="com.google.firebase.messaging.default_notification_color"
103-->[:react-native-firebase_messaging] AndroidManifest.xml:41:13-84
104            android:resource="@color/white" />
104-->[:react-native-firebase_messaging] AndroidManifest.xml:42:13-44
105
106        <service
106-->[:react-native-firebase] AndroidManifest.xml:16:9-20:19
107            android:name="com.google.firebase.components.ComponentDiscoveryService"
107-->[:react-native-firebase] AndroidManifest.xml:16:18-89
108            android:directBootAware="true"
108-->[com.google.firebase:firebase-common:20.0.0] AndroidManifest.xml:35:13-43
109            android:exported="false" >
109-->[com.google.firebase:firebase-messaging:22.0.0] AndroidManifest.xml:51:13-37
110            <meta-data
110-->[:react-native-firebase] AndroidManifest.xml:17:13-19:85
111                android:name="com.google.firebase.components:io.invertase.firebase.ReactNativeFirebaseAppRegistrar"
111-->[:react-native-firebase] AndroidManifest.xml:18:17-116
112                android:value="com.google.firebase.components.ComponentRegistrar" />
112-->[:react-native-firebase] AndroidManifest.xml:19:17-82
113            <meta-data
113-->[com.google.firebase:firebase-messaging:22.0.0] AndroidManifest.xml:52:13-54:85
114                android:name="com.google.firebase.components:com.google.firebase.messaging.FirebaseMessagingRegistrar"
114-->[com.google.firebase:firebase-messaging:22.0.0] AndroidManifest.xml:53:17-119
115                android:value="com.google.firebase.components.ComponentRegistrar" />
115-->[com.google.firebase:firebase-messaging:22.0.0] AndroidManifest.xml:54:17-82
116            <meta-data
116-->[com.google.firebase:firebase-datatransport:18.0.0] AndroidManifest.xml:28:13-30:85
117                android:name="com.google.firebase.components:com.google.firebase.datatransport.TransportRegistrar"
117-->[com.google.firebase:firebase-datatransport:18.0.0] AndroidManifest.xml:29:17-115
118                android:value="com.google.firebase.components.ComponentRegistrar" />
118-->[com.google.firebase:firebase-datatransport:18.0.0] AndroidManifest.xml:30:17-82
119            <meta-data
119-->[com.google.android.gms:play-services-measurement-api:19.0.0] AndroidManifest.xml:30:13-32:85
120                android:name="com.google.firebase.components:com.google.firebase.analytics.connector.internal.AnalyticsConnectorRegistrar"
120-->[com.google.android.gms:play-services-measurement-api:19.0.0] AndroidManifest.xml:31:17-139
121                android:value="com.google.firebase.components.ComponentRegistrar" />
121-->[com.google.android.gms:play-services-measurement-api:19.0.0] AndroidManifest.xml:32:17-82
122            <meta-data
122-->[com.google.firebase:firebase-installations:17.0.0] AndroidManifest.xml:18:13-20:85
123                android:name="com.google.firebase.components:com.google.firebase.installations.FirebaseInstallationsRegistrar"
123-->[com.google.firebase:firebase-installations:17.0.0] AndroidManifest.xml:19:17-127
124                android:value="com.google.firebase.components.ComponentRegistrar" />
124-->[com.google.firebase:firebase-installations:17.0.0] AndroidManifest.xml:20:17-82
125        </service>
126
127        <receiver
127-->[com.google.firebase:firebase-messaging:22.0.0] AndroidManifest.xml:28:9-35:20
128            android:name="com.google.firebase.iid.FirebaseInstanceIdReceiver"
128-->[com.google.firebase:firebase-messaging:22.0.0] AndroidManifest.xml:29:13-78
129            android:exported="true"
129-->[com.google.firebase:firebase-messaging:22.0.0] AndroidManifest.xml:30:13-36
130            android:permission="com.google.android.c2dm.permission.SEND" >
130-->[com.google.firebase:firebase-messaging:22.0.0] AndroidManifest.xml:31:13-73
131            <intent-filter>
131-->[:react-native-firebase_messaging] AndroidManifest.xml:29:13-31:29
132                <action android:name="com.google.android.c2dm.intent.RECEIVE" />
132-->[:react-native-firebase_messaging] AndroidManifest.xml:30:17-81
132-->[:react-native-firebase_messaging] AndroidManifest.xml:30:25-78
133            </intent-filter>
134        </receiver>
135        <!--
136             FirebaseMessagingService performs security checks at runtime,
137             but set to not exported to explicitly avoid allowing another app to call it.
138        -->
139        <service
139-->[com.google.firebase:firebase-messaging:22.0.0] AndroidManifest.xml:41:9-48:19
140            android:name="com.google.firebase.messaging.FirebaseMessagingService"
140-->[com.google.firebase:firebase-messaging:22.0.0] AndroidManifest.xml:42:13-82
141            android:directBootAware="true"
141-->[com.google.firebase:firebase-messaging:22.0.0] AndroidManifest.xml:43:13-43
142            android:exported="false" >
142-->[com.google.firebase:firebase-messaging:22.0.0] AndroidManifest.xml:44:13-37
143            <intent-filter android:priority="-500" >
143-->src/main/AndroidManifest.xml:41:13-43:29
144                <action android:name="com.google.firebase.MESSAGING_EVENT" />
144-->src/main/AndroidManifest.xml:42:15-76
144-->src/main/AndroidManifest.xml:42:23-73
145            </intent-filter>
146        </service>
147        <service
147-->[com.google.android.datatransport:transport-backend-cct:3.0.0] AndroidManifest.xml:29:9-35:19
148            android:name="com.google.android.datatransport.runtime.backends.TransportBackendDiscovery"
148-->[com.google.android.datatransport:transport-backend-cct:3.0.0] AndroidManifest.xml:30:13-103
149            android:exported="false" >
149-->[com.google.android.datatransport:transport-backend-cct:3.0.0] AndroidManifest.xml:31:13-37
150            <meta-data
150-->[com.google.android.datatransport:transport-backend-cct:3.0.0] AndroidManifest.xml:32:13-34:39
151                android:name="backend:com.google.android.datatransport.cct.CctBackendFactory"
151-->[com.google.android.datatransport:transport-backend-cct:3.0.0] AndroidManifest.xml:33:17-94
152                android:value="cct" />
152-->[com.google.android.datatransport:transport-backend-cct:3.0.0] AndroidManifest.xml:34:17-36
153        </service>
154
155        <provider
155-->[com.google.firebase:firebase-common:20.0.0] AndroidManifest.xml:26:9-31:39
156            android:name="com.google.firebase.provider.FirebaseInitProvider"
156-->[com.google.firebase:firebase-common:20.0.0] AndroidManifest.xml:27:13-77
157            android:authorities="com.fnotification.firebaseinitprovider"
157-->[com.google.firebase:firebase-common:20.0.0] AndroidManifest.xml:28:13-72
158            android:directBootAware="true"
158-->[com.google.firebase:firebase-common:20.0.0] AndroidManifest.xml:29:13-43
159            android:exported="false"
159-->[com.google.firebase:firebase-common:20.0.0] AndroidManifest.xml:30:13-37
160            android:initOrder="100" />
160-->[com.google.firebase:firebase-common:20.0.0] AndroidManifest.xml:31:13-36
161
162        <service
162-->[com.google.android.datatransport:transport-runtime:3.0.0] AndroidManifest.xml:26:9-30:19
163            android:name="com.google.android.datatransport.runtime.scheduling.jobscheduling.JobInfoSchedulerService"
163-->[com.google.android.datatransport:transport-runtime:3.0.0] AndroidManifest.xml:27:13-117
164            android:exported="false"
164-->[com.google.android.datatransport:transport-runtime:3.0.0] AndroidManifest.xml:28:13-37
165            android:permission="android.permission.BIND_JOB_SERVICE" >
165-->[com.google.android.datatransport:transport-runtime:3.0.0] AndroidManifest.xml:29:13-69
166        </service>
167
168        <receiver
168-->[com.google.android.datatransport:transport-runtime:3.0.0] AndroidManifest.xml:32:9-34:40
169            android:name="com.google.android.datatransport.runtime.scheduling.jobscheduling.AlarmManagerSchedulerBroadcastReceiver"
169-->[com.google.android.datatransport:transport-runtime:3.0.0] AndroidManifest.xml:33:13-132
170            android:exported="false" />
170-->[com.google.android.datatransport:transport-runtime:3.0.0] AndroidManifest.xml:34:13-37
171
172        <activity
172-->[com.google.android.gms:play-services-auth:19.0.0] AndroidManifest.xml:23:9-27:75
173            android:name="com.google.android.gms.auth.api.signin.internal.SignInHubActivity"
173-->[com.google.android.gms:play-services-auth:19.0.0] AndroidManifest.xml:24:13-93
174            android:excludeFromRecents="true"
174-->[com.google.android.gms:play-services-auth:19.0.0] AndroidManifest.xml:25:13-46
175            android:exported="false"
175-->[com.google.android.gms:play-services-auth:19.0.0] AndroidManifest.xml:26:13-37
176            android:theme="@android:style/Theme.Translucent.NoTitleBar" />
176-->[com.google.android.gms:play-services-auth:19.0.0] AndroidManifest.xml:27:13-72
177        <!--
178            Service handling Google Sign-In user revocation. For apps that do not integrate with
179            Google Sign-In, this service will never be started.
180        -->
181        <service
181-->[com.google.android.gms:play-services-auth:19.0.0] AndroidManifest.xml:33:9-37:51
182            android:name="com.google.android.gms.auth.api.signin.RevocationBoundService"
182-->[com.google.android.gms:play-services-auth:19.0.0] AndroidManifest.xml:34:13-89
183            android:exported="true"
183-->[com.google.android.gms:play-services-auth:19.0.0] AndroidManifest.xml:35:13-36
184            android:permission="com.google.android.gms.auth.api.signin.permission.REVOCATION_NOTIFICATION"
184-->[com.google.android.gms:play-services-auth:19.0.0] AndroidManifest.xml:36:13-107
185            android:visibleToInstantApps="true" />
185-->[com.google.android.gms:play-services-auth:19.0.0] AndroidManifest.xml:37:13-48
186
187        <receiver
187-->[com.google.android.gms:play-services-measurement:19.0.0] AndroidManifest.xml:29:9-33:20
188            android:name="com.google.android.gms.measurement.AppMeasurementReceiver"
188-->[com.google.android.gms:play-services-measurement:19.0.0] AndroidManifest.xml:30:13-85
189            android:enabled="true"
189-->[com.google.android.gms:play-services-measurement:19.0.0] AndroidManifest.xml:31:13-35
190            android:exported="false" >
190-->[com.google.android.gms:play-services-measurement:19.0.0] AndroidManifest.xml:32:13-37
191        </receiver>
192
193        <service
193-->[com.google.android.gms:play-services-measurement:19.0.0] AndroidManifest.xml:35:9-38:40
194            android:name="com.google.android.gms.measurement.AppMeasurementService"
194-->[com.google.android.gms:play-services-measurement:19.0.0] AndroidManifest.xml:36:13-84
195            android:enabled="true"
195-->[com.google.android.gms:play-services-measurement:19.0.0] AndroidManifest.xml:37:13-35
196            android:exported="false" />
196-->[com.google.android.gms:play-services-measurement:19.0.0] AndroidManifest.xml:38:13-37
197        <service
197-->[com.google.android.gms:play-services-measurement:19.0.0] AndroidManifest.xml:39:9-43:72
198            android:name="com.google.android.gms.measurement.AppMeasurementJobService"
198-->[com.google.android.gms:play-services-measurement:19.0.0] AndroidManifest.xml:40:13-87
199            android:enabled="true"
199-->[com.google.android.gms:play-services-measurement:19.0.0] AndroidManifest.xml:41:13-35
200            android:exported="false"
200-->[com.google.android.gms:play-services-measurement:19.0.0] AndroidManifest.xml:42:13-37
201            android:permission="android.permission.BIND_JOB_SERVICE" />
201-->[com.google.android.gms:play-services-measurement:19.0.0] AndroidManifest.xml:43:13-69
202
203        <activity
203-->[com.google.android.gms:play-services-base:17.1.0] AndroidManifest.xml:23:9-26:75
204            android:name="com.google.android.gms.common.api.GoogleApiActivity"
204-->[com.google.android.gms:play-services-base:17.1.0] AndroidManifest.xml:24:13-79
205            android:exported="false"
205-->[com.google.android.gms:play-services-base:17.1.0] AndroidManifest.xml:25:13-37
206            android:theme="@android:style/Theme.Translucent.NoTitleBar" />
206-->[com.google.android.gms:play-services-base:17.1.0] AndroidManifest.xml:26:13-72
207
208        <meta-data
208-->[com.google.android.gms:play-services-basement:17.1.1] AndroidManifest.xml:23:9-25:69
209            android:name="com.google.android.gms.version"
209-->[com.google.android.gms:play-services-basement:17.1.1] AndroidManifest.xml:24:13-58
210            android:value="@integer/google_play_services_version" />
210-->[com.google.android.gms:play-services-basement:17.1.1] AndroidManifest.xml:25:13-66
211    </application>
212
213</manifest>